<?xml version="1.0" encoding="UTF-8"?>
<!-- Generated by org.testng.reporters.JUnitXMLReporter -->
<testsuite hostname="DESKTOP-TGG219U" ignored="105" name="Test" tests="7" failures="0" timestamp="2020-03-19T22:47:49 IST" time="1713.506" errors="0">
  <testcase name="PESmokeTc086_VerifyActivitiesAtOldInstitutionContactTransferAcc4 on [unknown locator]" time="137.039" classname="com.navatar.scripts.SmokeTestCases"/>
  <testcase name="PESmokeTc087_VerifyActivitiesAtOldInstitutionContactTransferAcc5 on [unknown locator]" time="114.94" classname="com.navatar.scripts.SmokeTestCases"/>
  <testcase name="PESmokeTc088_VerifyActivitiesAtNewInstitutionContactTransferAcc6 on [unknown locator]" time="112.452" classname="com.navatar.scripts.SmokeTestCases"/>
  <testcase name="PESmokeTc089_1_VerifyBulkEmailfunctionality on [unknown locator]" time="96.635" classname="com.navatar.scripts.SmokeTestCases"/>
  <testcase name="PESmokeTc089_2_verifyCancelNextPreviousOnBulkEmail on [unknown locator]" time="293.514" classname="com.navatar.scripts.SmokeTestCases"/>
  <testcase name="PESmokeTc090_VerifySearchingOfContactAndSendingEmailByBulkEmail on [unknown locator]" time="128.439" classname="com.navatar.scripts.SmokeTestCases"/>
  <testcase name="PESmokeTc091_verifyReceivedEmailAndCreatedActivity on [unknown locator]" time="402.1" classname="com.navatar.scripts.SmokeTestCases"/>
  <testcase name="PESmokeTc071_UpdatePrimaryOfficeLocationValueAndVerifyItsImpact" time="0.0" classname="com.navatar.scripts.SmokeTestCases">
    <ignored/>
  </testcase> <!-- PESmokeTc071_UpdatePrimaryOfficeLocationValueAndVerifyItsImpact -->
  <testcase name="PESmokeTc051_VerifyEmailSendToOneContact" time="0.0" classname="com.navatar.scripts.SmokeTestCases">
    <ignored/>
  </testcase> <!-- PESmokeTc051_VerifyEmailSendToOneContact -->
  <testcase name="PESmokeTc081_CreateActivitiesWithContact" time="0.0" classname="com.navatar.scripts.SmokeTestCases">
    <ignored/>
  </testcase> <!-- PESmokeTc081_CreateActivitiesWithContact -->
  <testcase name="PESmokeTc062_VerifyContactTransferButtonAtContactPageAndOfficeLocationRelatedListAtAccountPage" time="0.0" classname="com.navatar.scripts.SmokeTestCases">
    <ignored/>
  </testcase> <!-- PESmokeTc062_VerifyContactTransferButtonAtContactPageAndOfficeLocationRelatedListAtAccountPage -->
  <testcase name="PESmokeTc016_1_createFundraisingFromCompanyPage" time="0.0" classname="com.navatar.scripts.SmokeTestCases">
    <ignored/>
  </testcase> <!-- PESmokeTc016_1_createFundraisingFromCompanyPage -->
  <testcase name="PESmokeTc064_VerifyOfficeLocationSetting" time="0.0" classname="com.navatar.scripts.SmokeTestCases">
    <ignored/>
  </testcase> <!-- PESmokeTc064_VerifyOfficeLocationSetting -->
  <testcase name="PESmokeTc021_verifyCommmitmentButtonOnPages" time="0.0" classname="com.navatar.scripts.SmokeTestCases">
    <ignored/>
  </testcase> <!-- PESmokeTc021_verifyCommmitmentButtonOnPages -->
  <testcase name="PESmokeTc040_updateCreatedIndividualInvestorDetails" time="0.0" classname="com.navatar.scripts.SmokeTestCases">
    <ignored/>
  </testcase> <!-- PESmokeTc040_updateCreatedIndividualInvestorDetails -->
  <testcase name="PESmokeTc052_VerifySentEmailAndActivityFromDrawdownPage" time="0.0" classname="com.navatar.scripts.SmokeTestCases">
    <ignored/>
  </testcase> <!-- PESmokeTc052_VerifySentEmailAndActivityFromDrawdownPage -->
  <testcase name="PESmokeTc014_verifyCoInvestmentSetting" time="0.0" classname="com.navatar.scripts.SmokeTestCases">
    <ignored/>
  </testcase> <!-- PESmokeTc014_verifyCoInvestmentSetting -->
  <testcase name="PESmokeTc020_1_verifyRecievedCustomEmailAndCreatedActivityforContact3" time="0.0" classname="com.navatar.scripts.SmokeTestCases">
    <ignored/>
  </testcase> <!-- PESmokeTc020_1_verifyRecievedCustomEmailAndCreatedActivityforContact3 -->
  <testcase name="PESmokeTc027_verifyErrorMessageFundraisingForCoInvestment" time="0.0" classname="com.navatar.scripts.SmokeTestCases">
    <ignored/>
  </testcase> <!-- PESmokeTc027_verifyErrorMessageFundraisingForCoInvestment -->
  <testcase name="PESmokeTc028_createCommitmentFromCompanyPageForCoInvestment" time="0.0" classname="com.navatar.scripts.SmokeTestCases">
    <ignored/>
  </testcase> <!-- PESmokeTc028_createCommitmentFromCompanyPageForCoInvestment -->
  <testcase name="PESmokeTc009_2_addFilterLogicAndAddColumnFromWrenchIconInEMailProspect" time="0.0" classname="com.navatar.scripts.SmokeTestCases">
    <ignored/>
  </testcase> <!-- PESmokeTc009_2_addFilterLogicAndAddColumnFromWrenchIconInEMailProspect -->
  <testcase name="PESmokeTc059_verifyReceivedEmailAndCreatedActivityForFundDistribution" time="0.0" classname="com.navatar.scripts.SmokeTestCases">
    <ignored/>
  </testcase> <!-- PESmokeTc059_verifyReceivedEmailAndCreatedActivityForFundDistribution -->
  <testcase name="PESmokeTc003_verifyAddContactsFromPastMarketingInitiativeTab" time="0.0" classname="com.navatar.scripts.SmokeTestCases">
    <ignored/>
  </testcase> <!-- PESmokeTc003_verifyAddContactsFromPastMarketingInitiativeTab -->
  <testcase name="PESmokeTc025_1_createCommitmentFromHomePageUsingFundButton" time="0.0" classname="com.navatar.scripts.SmokeTestCases">
    <ignored/>
  </testcase> <!-- PESmokeTc025_1_createCommitmentFromHomePageUsingFundButton -->
  <testcase name="PESmokeTc078_VerifyActivitiesAtOldInstitutionContactTransferAcc2" time="0.0" classname="com.navatar.scripts.SmokeTestCases">
    <ignored/>
  </testcase> <!-- PESmokeTc078_VerifyActivitiesAtOldInstitutionContactTransferAcc2 -->
  <testcase name="PESmokeTc066_CreateOfficeLocationsForInstitutionContactTransferAcc1" time="0.0" classname="com.navatar.scripts.SmokeTestCases">
    <ignored/>
  </testcase> <!-- PESmokeTc066_CreateOfficeLocationsForInstitutionContactTransferAcc1 -->
  <testcase name="PESmokeTc029_VerifyRevertToDefaultForCommitmentTabInNavatarSetup" time="0.0" classname="com.navatar.scripts.SmokeTestCases">
    <ignored/>
  </testcase> <!-- PESmokeTc029_VerifyRevertToDefaultForCommitmentTabInNavatarSetup -->
  <testcase name="PESmokeTc012_2_addFilterLogicInCreateFundraising" time="0.0" classname="com.navatar.scripts.SmokeTestCases">
    <ignored/>
  </testcase> <!-- PESmokeTc012_2_addFilterLogicInCreateFundraising -->
  <testcase name="PESmokeTc041_updateCreatedContactDetails" time="0.0" classname="com.navatar.scripts.SmokeTestCases">
    <ignored/>
  </testcase> <!-- PESmokeTc041_updateCreatedContactDetails -->
  <testcase name="PESmokeTc026_createCommitmentFromFundraisingForCoInvestment" time="0.0" classname="com.navatar.scripts.SmokeTestCases">
    <ignored/>
  </testcase> <!-- PESmokeTc026_createCommitmentFromFundraisingForCoInvestment -->
  <testcase name="PESmokeTc002_verifyAddProspectAndAddContacts" time="0.0" classname="com.navatar.scripts.SmokeTestCases">
    <ignored/>
  </testcase> <!-- PESmokeTc002_verifyAddProspectAndAddContacts -->
  <testcase name="PESmokeTc043_CreateNewIndividualInvestorAfterAddingMoreFields" time="0.0" classname="com.navatar.scripts.SmokeTestCases">
    <ignored/>
  </testcase> <!-- PESmokeTc043_CreateNewIndividualInvestorAfterAddingMoreFields -->
  <testcase name="PESmokeTc039_CreateNewIndividualInvestor" time="0.0" classname="com.navatar.scripts.SmokeTestCases">
    <ignored/>
  </testcase> <!-- PESmokeTc039_CreateNewIndividualInvestor -->
  <testcase name="PESmokeTc035_1_ActivatePipelineStageLogAction" time="0.0" classname="com.navatar.scripts.SmokeTestCases">
    <ignored/>
  </testcase> <!-- PESmokeTc035_1_ActivatePipelineStageLogAction -->
  <testcase name="PESmokeTc068_VerifMailingAddressAtContactDetailpage" time="0.0" classname="com.navatar.scripts.SmokeTestCases">
    <ignored/>
  </testcase> <!-- PESmokeTc068_VerifMailingAddressAtContactDetailpage -->
  <testcase name="PESmokeTc076_VerifyContactTransferBC" time="0.0" classname="com.navatar.scripts.SmokeTestCases">
    <ignored/>
  </testcase> <!-- PESmokeTc076_VerifyContactTransferBC -->
  <testcase name="PESmokeTc075_VerifyActivitiesAtNewInstitutionContactTransferAcc2" time="0.0" classname="com.navatar.scripts.SmokeTestCases">
    <ignored/>
  </testcase> <!-- PESmokeTc075_VerifyActivitiesAtNewInstitutionContactTransferAcc2 -->
  <testcase name="PESmokeTc019_SendCustomEMailFromEmailFundraisingContact" time="0.0" classname="com.navatar.scripts.SmokeTestCases">
    <ignored/>
  </testcase> <!-- PESmokeTc019_SendCustomEMailFromEmailFundraisingContact -->
  <testcase name="PESmokeTc074_VerifyActivitiesAtOldInstitutionContactTransferAcc1" time="0.0" classname="com.navatar.scripts.SmokeTestCases">
    <ignored/>
  </testcase> <!-- PESmokeTc074_VerifyActivitiesAtOldInstitutionContactTransferAcc1 -->
  <testcase name="PESmokeTc044_3_verifyAccountAssociationImpact" time="0.0" classname="com.navatar.scripts.SmokeTestCases">
    <ignored/>
  </testcase> <!-- PESmokeTc044_3_verifyAccountAssociationImpact -->
  <testcase name="PESmokeTc072_CreateActivitiesWithContact" time="0.0" classname="com.navatar.scripts.SmokeTestCases">
    <ignored/>
  </testcase> <!-- PESmokeTc072_CreateActivitiesWithContact -->
  <testcase name="PESmokeTc050_1_AddContactToCorrespondingList" time="0.0" classname="com.navatar.scripts.SmokeTestCases">
    <ignored/>
  </testcase> <!-- PESmokeTc050_1_AddContactToCorrespondingList -->
  <testcase name="PESmokeTc079_VerifyActivitiesAtNewInstitutionContactTransferAcc3" time="0.0" classname="com.navatar.scripts.SmokeTestCases">
    <ignored/>
  </testcase> <!-- PESmokeTc079_VerifyActivitiesAtNewInstitutionContactTransferAcc3 -->
  <testcase name="PESmokeTc016_2_addFilterLogicOnCreateFundraising" time="0.0" classname="com.navatar.scripts.SmokeTestCases">
    <ignored/>
  </testcase> <!-- PESmokeTc016_2_addFilterLogicOnCreateFundraising -->
  <testcase name="PESmokeTc017_2_EmailFundraisingContactsAndSendEMail" time="0.0" classname="com.navatar.scripts.SmokeTestCases">
    <ignored/>
  </testcase> <!-- PESmokeTc017_2_EmailFundraisingContactsAndSendEMail -->
  <testcase name="PESmokeTc022_createCommitmentFromHomePage" time="0.0" classname="com.navatar.scripts.SmokeTestCases">
    <ignored/>
  </testcase> <!-- PESmokeTc022_createCommitmentFromHomePage -->
  <testcase name="PESmokeTc030_VerifyOpeningofDealCreatioPageAndCreationOfCompanyPipelineSourceFirmSourceContact" time="0.0" classname="com.navatar.scripts.SmokeTestCases">
    <ignored/>
  </testcase> <!-- PESmokeTc030_VerifyOpeningofDealCreatioPageAndCreationOfCompanyPipelineSourceFirmSourceContact -->
  <testcase name="PESmokeTc070_UpdatePrimaryOfOfficeLocation1AtContactTransferAcc1DetailPageAndVerifyitsimpact" time="0.0" classname="com.navatar.scripts.SmokeTestCases">
    <ignored/>
  </testcase> <!-- PESmokeTc070_UpdatePrimaryOfOfficeLocation1AtContactTransferAcc1DetailPageAndVerifyitsimpact -->
  <testcase name="PESmokeTc036_EditPipelineStageAndVerifyPipelineStageLog" time="0.0" classname="com.navatar.scripts.SmokeTestCases">
    <ignored/>
  </testcase> <!-- PESmokeTc036_EditPipelineStageAndVerifyPipelineStageLog -->
  <testcase name="PESmokeTc054_VerifyMailReceivedAndActivity" time="0.0" classname="com.navatar.scripts.SmokeTestCases">
    <ignored/>
  </testcase> <!-- PESmokeTc054_VerifyMailReceivedAndActivity -->
  <testcase name="PESmokeTc063_EnableContactTransferSettingFromNavatarSetup" time="0.0" classname="com.navatar.scripts.SmokeTestCases">
    <ignored/>
  </testcase> <!-- PESmokeTc063_EnableContactTransferSettingFromNavatarSetup -->
  <testcase name="PESmokeTc038_verifyCreateNewIndividualInvestorLabels" time="0.0" classname="com.navatar.scripts.SmokeTestCases">
    <ignored/>
  </testcase> <!-- PESmokeTc038_verifyCreateNewIndividualInvestorLabels -->
  <testcase name="PESmokeTc057_VerifyCommitmentPageAfterDistributions" time="0.0" classname="com.navatar.scripts.SmokeTestCases">
    <ignored/>
  </testcase> <!-- PESmokeTc057_VerifyCommitmentPageAfterDistributions -->
  <testcase name="PESmokeTc049_VerifySendCapitalCallNotices" time="0.0" classname="com.navatar.scripts.SmokeTestCases">
    <ignored/>
  </testcase> <!-- PESmokeTc049_VerifySendCapitalCallNotices -->
  <testcase name="PESmokeTc005_2_addFilterLogicAndAddColumnFromWrenchIcon" time="0.0" classname="com.navatar.scripts.SmokeTestCases">
    <ignored/>
  </testcase> <!-- PESmokeTc005_2_addFilterLogicAndAddColumnFromWrenchIcon -->
  <testcase name="PESmokeTc001_2_AddRemoveTabAndActivateLighting" time="0.0" classname="com.navatar.scripts.SmokeTestCases">
    <ignored/>
  </testcase> <!-- PESmokeTc001_2_AddRemoveTabAndActivateLighting -->
  <testcase name="PESmokeTc031_VerifyDealCreationSetUpPage" time="0.0" classname="com.navatar.scripts.SmokeTestCases">
    <ignored/>
  </testcase> <!-- PESmokeTc031_VerifyDealCreationSetUpPage -->
  <testcase name="PESmokeTc017_1_verifyCancelNextPreviousOnEmailFundraisingContacts" time="0.0" classname="com.navatar.scripts.SmokeTestCases">
    <ignored/>
  </testcase> <!-- PESmokeTc017_1_verifyCancelNextPreviousOnEmailFundraisingContacts -->
  <testcase name="PESmokeTc065_VerifyContactTransferButtonAtContactPageAndOfficeLocationRelatedListAtAccountPage" time="0.0" classname="com.navatar.scripts.SmokeTestCases">
    <ignored/>
  </testcase> <!-- PESmokeTc065_VerifyContactTransferButtonAtContactPageAndOfficeLocationRelatedListAtAccountPage -->
  <testcase name="PESmokeTc010_verifyCreateFundRaisingButton" time="0.0" classname="com.navatar.scripts.SmokeTestCases">
    <ignored/>
  </testcase> <!-- PESmokeTc010_verifyCreateFundRaisingButton -->
  <testcase name="PESmokeTc061_verifyReceivedEmailAndCreatedActivityForInvestorDistribution" time="0.0" classname="com.navatar.scripts.SmokeTestCases">
    <ignored/>
  </testcase> <!-- PESmokeTc061_verifyReceivedEmailAndCreatedActivityForInvestorDistribution -->
  <testcase name="PESmokeTc007_verifyEmailAndCreateActivity" time="0.0" classname="com.navatar.scripts.SmokeTestCases">
    <ignored/>
  </testcase> <!-- PESmokeTc007_verifyEmailAndCreateActivity -->
  <testcase name="PESmokeTc012_1_verifyCreateFundraisingsForCoInvestment" time="0.0" classname="com.navatar.scripts.SmokeTestCases">
    <ignored/>
  </testcase> <!-- PESmokeTc012_1_verifyCreateFundraisingsForCoInvestment -->
  <testcase name="PESmokeTc080_ChangeContactTransferSetting" time="0.0" classname="com.navatar.scripts.SmokeTestCases">
    <ignored/>
  </testcase> <!-- PESmokeTc080_ChangeContactTransferSetting -->
  <testcase name="PESmokeTc025_2_createCommitmentFromHomePageUsingFundButton" time="0.0" classname="com.navatar.scripts.SmokeTestCases">
    <ignored/>
  </testcase> <!-- PESmokeTc025_2_createCommitmentFromHomePageUsingFundButton -->
  <testcase name="PESmokeTc000_1_addField" time="0.0" classname="com.navatar.scripts.SmokeTestCases">
    <ignored/>
  </testcase> <!-- PESmokeTc000_1_addField -->
  <testcase name="PESmokeTc034_VerifyRevertToDefaultInNavatarSetup" time="0.0" classname="com.navatar.scripts.SmokeTestCases">
    <ignored/>
  </testcase> <!-- PESmokeTc034_VerifyRevertToDefaultInNavatarSetup -->
  <testcase name="PESmokeTc084_VerifyActivitiesAtNewInstitutionContactTransferAcc5" time="0.0" classname="com.navatar.scripts.SmokeTestCases">
    <ignored/>
  </testcase> <!-- PESmokeTc084_VerifyActivitiesAtNewInstitutionContactTransferAcc5 -->
  <testcase name="PESmokeTc004_verifyErrorMsgOnReportsTabInAddProspects" time="0.0" classname="com.navatar.scripts.SmokeTestCases">
    <ignored/>
  </testcase> <!-- PESmokeTc004_verifyErrorMsgOnReportsTabInAddProspects -->
  <testcase name="PESmokeTc060_1_VerifyWrenchatSendDistributionNoticesPage" time="0.0" classname="com.navatar.scripts.SmokeTestCases">
    <ignored/>
  </testcase> <!-- PESmokeTc060_1_VerifyWrenchatSendDistributionNoticesPage -->
  <testcase name="PESmokeTc023_VerifyCommitmentCreationSetUpPage" time="0.0" classname="com.navatar.scripts.SmokeTestCases">
    <ignored/>
  </testcase> <!-- PESmokeTc023_VerifyCommitmentCreationSetUpPage -->
  <testcase name="PESmokeTc045_2_VerifyFundDrawdownPage" time="0.0" classname="com.navatar.scripts.SmokeTestCases">
    <ignored/>
  </testcase> <!-- PESmokeTc045_2_VerifyFundDrawdownPage -->
  <testcase name="PESmokeTc018_verifyRecievedEmailAndCreatedActivity" time="0.0" classname="com.navatar.scripts.SmokeTestCases">
    <ignored/>
  </testcase> <!-- PESmokeTc018_verifyRecievedEmailAndCreatedActivity -->
  <testcase name="PESmokeTc009_1_verifyEmailAndCreateActivityforContact2" time="0.0" classname="com.navatar.scripts.SmokeTestCases">
    <ignored/>
  </testcase> <!-- PESmokeTc009_1_verifyEmailAndCreateActivityforContact2 -->
  <testcase name="PESmokeTc035_2_ActivatePipelineStageImpact" time="0.0" classname="com.navatar.scripts.SmokeTestCases">
    <ignored/>
  </testcase> <!-- PESmokeTc035_2_ActivatePipelineStageImpact -->
  <testcase name="PESmokeTc058_1_verifyCancelNextPreviousOnSendDistributionNotice" time="0.0" classname="com.navatar.scripts.SmokeTestCases">
    <ignored/>
  </testcase> <!-- PESmokeTc058_1_verifyCancelNextPreviousOnSendDistributionNotice -->
  <testcase name="PESmokeTc045_1_VerifyFundDrawdownPage" time="0.0" classname="com.navatar.scripts.SmokeTestCases">
    <ignored/>
  </testcase> <!-- PESmokeTc045_1_VerifyFundDrawdownPage -->
  <testcase name="PESmokeTc024_createCommitmentFromFundraisingPage" time="0.0" classname="com.navatar.scripts.SmokeTestCases">
    <ignored/>
  </testcase> <!-- PESmokeTc024_createCommitmentFromFundraisingPage -->
  <testcase name="PESmokeTc073_VerifyContactTransferAB" time="0.0" classname="com.navatar.scripts.SmokeTestCases">
    <ignored/>
  </testcase> <!-- PESmokeTc073_VerifyContactTransferAB -->
  <testcase name="PESmokeTc008_verifyEmailProspectPageAndSendMail" time="0.0" classname="com.navatar.scripts.SmokeTestCases">
    <ignored/>
  </testcase> <!-- PESmokeTc008_verifyEmailProspectPageAndSendMail -->
  <testcase name="PESmokeTc044_1_VerifyRevertToDefaultInIndiviualInvestorCreation" time="0.0" classname="com.navatar.scripts.SmokeTestCases">
    <ignored/>
  </testcase> <!-- PESmokeTc044_1_VerifyRevertToDefaultInIndiviualInvestorCreation -->
  <testcase name="PESmokeTc042_addMoreFieldsInIndividualInvestorCreation" time="0.0" classname="com.navatar.scripts.SmokeTestCases">
    <ignored/>
  </testcase> <!-- PESmokeTc042_addMoreFieldsInIndividualInvestorCreation -->
  <testcase name="PESmokeTc058_2_VerifySendDistributionNoticesFromFundDistribution" time="0.0" classname="com.navatar.scripts.SmokeTestCases">
    <ignored/>
  </testcase> <!-- PESmokeTc058_2_VerifySendDistributionNoticesFromFundDistribution -->
  <testcase name="PESmokeTc085_VerifyContactTransferBC" time="0.0" classname="com.navatar.scripts.SmokeTestCases">
    <ignored/>
  </testcase> <!-- PESmokeTc085_VerifyContactTransferBC -->
  <testcase name="PESmokeTc001_4_createPreCondition" time="0.0" classname="com.navatar.scripts.SmokeTestCases">
    <ignored/>
  </testcase> <!-- PESmokeTc001_4_createPreCondition -->
  <testcase name="PESmokeTc037_enableIndividualInvestorCreation" time="0.0" classname="com.navatar.scripts.SmokeTestCases">
    <ignored/>
  </testcase> <!-- PESmokeTc037_enableIndividualInvestorCreation -->
  <testcase name="PESmokeTc060_2_VerifySendDistributionNoticesFromInvestorDistribution" time="0.0" classname="com.navatar.scripts.SmokeTestCases">
    <ignored/>
  </testcase> <!-- PESmokeTc060_2_VerifySendDistributionNoticesFromInvestorDistribution -->
  <testcase name="PESmokeTc005_1_addContactsOnReportsTabInAddProspects" time="0.0" classname="com.navatar.scripts.SmokeTestCases">
    <ignored/>
  </testcase> <!-- PESmokeTc005_1_addContactsOnReportsTabInAddProspects -->
  <testcase name="PESmokeTc032_VerifyDealCreationPageAndCreationOfCompanyPipeLineSourceFirm" time="0.0" classname="com.navatar.scripts.SmokeTestCases">
    <ignored/>
  </testcase> <!-- PESmokeTc032_VerifyDealCreationPageAndCreationOfCompanyPipeLineSourceFirm -->
  <testcase name="PESmokeTc001_1_createCRMUser" time="0.0" classname="com.navatar.scripts.SmokeTestCases">
    <ignored/>
  </testcase> <!-- PESmokeTc001_1_createCRMUser -->
  <testcase name="PESmokeTc006_verifyEmailProspectAndSendEmail" time="0.0" classname="com.navatar.scripts.SmokeTestCases">
    <ignored/>
  </testcase> <!-- PESmokeTc006_verifyEmailProspectAndSendEmail -->
  <testcase name="PESmokeTc067_VerifyBillingAddressOfInstitutionContactTransferAcc1AfterCreatingPrimaryOfficeLocation" time="0.0" classname="com.navatar.scripts.SmokeTestCases">
    <ignored/>
  </testcase> <!-- PESmokeTc067_VerifyBillingAddressOfInstitutionContactTransferAcc1AfterCreatingPrimaryOfficeLocation -->
  <testcase name="PESmokeTc015_verifyErrorMsgRelatedToOtherCoInvestmentFund" time="0.0" classname="com.navatar.scripts.SmokeTestCases">
    <ignored/>
  </testcase> <!-- PESmokeTc015_verifyErrorMsgRelatedToOtherCoInvestmentFund -->
  <testcase name="PESmokeTc046_VerifyCreatedCapitalCalls" time="0.0" classname="com.navatar.scripts.SmokeTestCases">
    <ignored/>
  </testcase> <!-- PESmokeTc046_VerifyCreatedCapitalCalls -->
  <testcase name="PESmokeTc044_2_VerifyAccountAssociationsLink" time="0.0" classname="com.navatar.scripts.SmokeTestCases">
    <ignored/>
  </testcase> <!-- PESmokeTc044_2_VerifyAccountAssociationsLink -->
  <testcase name="PESmokeTc055_2_CreateDistributionAndVerify" time="0.0" classname="com.navatar.scripts.SmokeTestCases">
    <ignored/>
  </testcase> <!-- PESmokeTc055_2_CreateDistributionAndVerify -->
  <testcase name="PESmokeTc069_VerifyOfficeLocationsAtContactPageAndUpdationOfMailingAddressAfterSelectingOfficeLocation" time="0.0" classname="com.navatar.scripts.SmokeTestCases">
    <ignored/>
  </testcase> <!-- PESmokeTc069_VerifyOfficeLocationsAtContactPageAndUpdationOfMailingAddressAfterSelectingOfficeLocation -->
  <testcase name="PESmokeTc013_verifySelectFundPopupfromCompanyPage" time="0.0" classname="com.navatar.scripts.SmokeTestCases">
    <ignored/>
  </testcase> <!-- PESmokeTc013_verifySelectFundPopupfromCompanyPage -->
  <testcase name="PESmokeTc077_VerifyActivitiesAtOldInstitutionContactTransferAcc1" time="0.0" classname="com.navatar.scripts.SmokeTestCases">
    <ignored/>
  </testcase> <!-- PESmokeTc077_VerifyActivitiesAtOldInstitutionContactTransferAcc1 -->
  <testcase name="PESmokeTc048_VerifyCommitmentPage" time="0.0" classname="com.navatar.scripts.SmokeTestCases">
    <ignored/>
  </testcase> <!-- PESmokeTc048_VerifyCommitmentPage -->
  <testcase name="PESmokeTc082_VerifyContactTransferAB" time="0.0" classname="com.navatar.scripts.SmokeTestCases">
    <ignored/>
  </testcase> <!-- PESmokeTc082_VerifyContactTransferAB -->
  <testcase name="PESmokeTc011_verifyCreateFundraisingsFromHomePage" time="0.0" classname="com.navatar.scripts.SmokeTestCases">
    <ignored/>
  </testcase> <!-- PESmokeTc011_verifyCreateFundraisingsFromHomePage -->
  <testcase name="PESmokeTc001_3_createCustomEmailAndTemplate" time="0.0" classname="com.navatar.scripts.SmokeTestCases">
    <ignored/>
  </testcase> <!-- PESmokeTc001_3_createCustomEmailAndTemplate -->
  <testcase name="PESmokeTc056_VerifyCreatedInvestorDistribution" time="0.0" classname="com.navatar.scripts.SmokeTestCases">
    <ignored/>
  </testcase> <!-- PESmokeTc056_VerifyCreatedInvestorDistribution -->
  <testcase name="PESmokeTc053_2_VerifySentEmailAndActivityFromCapitalCallPage" time="0.0" classname="com.navatar.scripts.SmokeTestCases">
    <ignored/>
  </testcase> <!-- PESmokeTc053_2_VerifySentEmailAndActivityFromCapitalCallPage -->
  <testcase name="PESmokeTc050_2_verifyCancelNextPreviousOnCapitalCallNotice" time="0.0" classname="com.navatar.scripts.SmokeTestCases">
    <ignored/>
  </testcase> <!-- PESmokeTc050_2_verifyCancelNextPreviousOnCapitalCallNotice -->
  <testcase name="PESmokeTc047_VerifyEditingCapitalCalls" time="0.0" classname="com.navatar.scripts.SmokeTestCases">
    <ignored/>
  </testcase> <!-- PESmokeTc047_VerifyEditingCapitalCalls -->
  <testcase name="PESmokeTc083_VerifyActivitiesAtOldInstitutionContactTransferAcc4" time="0.0" classname="com.navatar.scripts.SmokeTestCases">
    <ignored/>
  </testcase> <!-- PESmokeTc083_VerifyActivitiesAtOldInstitutionContactTransferAcc4 -->
  <testcase name="PESmokeTc053_1_VerifyWrenchatSendCapitalCallNoticesPage" time="0.0" classname="com.navatar.scripts.SmokeTestCases">
    <ignored/>
  </testcase> <!-- PESmokeTc053_1_VerifyWrenchatSendCapitalCallNoticesPage -->
  <testcase name="PESmokeTc020_2_verifyAddFilterLogicFundraisingContacts" time="0.0" classname="com.navatar.scripts.SmokeTestCases">
    <ignored/>
  </testcase> <!-- PESmokeTc020_2_verifyAddFilterLogicFundraisingContacts -->
  <testcase name="PESmokeTc055_1_CreateDistributionAndVerify" time="0.0" classname="com.navatar.scripts.SmokeTestCases">
    <ignored/>
  </testcase> <!-- PESmokeTc055_1_CreateDistributionAndVerify -->
  <testcase name="PESmokeTc033_VerifyDealCreationWithSelectExistingSourceFirmAndSourceContact" time="0.0" classname="com.navatar.scripts.SmokeTestCases">
    <ignored/>
  </testcase> <!-- PESmokeTc033_VerifyDealCreationWithSelectExistingSourceFirmAndSourceContact -->
</testsuite> <!-- Test -->
